# Nmap 7.80 scan initiated Wed Mar 22 19:14:57 2023 as: nmap -sC -sV -oN nmap_init.log -vv 10.10.205.202
Nmap scan report for 10.10.205.202
Host is up, received syn-ack (0.23s latency).
Scanned at 2023-03-22 19:14:58 +0630 for 79s
Not shown: 996 closed ports
Reason: 996 conn-refused
PORT      STATE    SERVICE REASON      VERSION
22/tcp    open     ssh     syn-ack     OpenSSH 7.6p1 Ubuntu 4ubuntu0.3 (Ubuntu Linux; protocol 2.0)
| ssh-hostkey: 
|   2048 e4:3a:be:ed:ff:a7:02:d2:6a:d6:d0:bb:7f:38:5e:cb (RSA)
| ssh-rsa AAAAB3NzaC1yc2EAAAADAQABAAABAQCytc0lfgdX4r5ZxA8cr9Qi/66ppcB+fyEtT75IUtKC32Y/rpvBfFGRg9YxHVhKQKBDh1KlgXL3hJTJH1aqjEPtwXORQx+QmK5yFFQa524mKj3WzFZswUcDTk4s4F+m761x+QZMcb//UJhWuqiZ2QV+GW1UJsawrFhK3nogzIQ/eomxxR6TodNx2z2CzVahLULWcQjAMOKPAlqF5vsaoWk39Y4u9JDqA2JdEI2//kIb4RjuMbZDOtUDCgPypTCMgLKzIzAZQ54nWsHoUHoGUdPlon1mkVKgno/9cjZVwqveqQpQpO3DrQpjdB6xiCzBz34H9iUMvCEgJab64WkIGLGH
|   256 fc:6f:22:c2:13:4f:9c:62:4f:90:c9:3a:7e:77:d6:d4 (ECDSA)
| ecdsa-sha2-nistp256 AAAAE2VjZHNhLXNoYTItbmlzdHAyNTYAAAAIbmlzdHAyNTYAAABBBGidEthZX/MDeUCmzLRQlezisPE1OceyHa6QBfwGnWirEYCdHM68kMGFlNJODkA7dunY+TUARD5WcjXMAN1iw7A=
|   256 15:fd:40:0a:65:59:a9:b5:0e:57:1b:23:0a:96:63:05 (ED25519)
|_ssh-ed25519 AAAAC3NzaC1lZDI1NTE5AAAAIPQ1lZqbCdY81xFaGZ1fwaVxJExe5+meLXraNAjwWTAm
80/tcp    open     http    syn-ack     Apache httpd 2.4.29 ((Ubuntu))
| http-methods: 
|_  Supported Methods: GET POST OPTIONS HEAD
|_http-server-header: Apache/2.4.29 (Ubuntu)
|_http-title: LOL Hacked
2222/tcp  open     ssh     syn-ack     OpenSSH 8.2p1 Debian 4 (protocol 2.0)
| ssh-hostkey: 
|   2048 a2:a6:d2:18:79:e3:b0:20:a2:4f:aa:b6:ac:2e:6b:f2 (RSA)
|_ssh-rsa AAAAB3NzaC1yc2EAAAADAQABAAABAQDlwW5RS5iWPR+x1AVz4TAWAr/fSvF3KC16voiHSUImF8fNiWT4Pcb5KADkmhssq4amO2uyN+gF9KpEbXrVj63hKdkJrF4lQnzlxX8mHeeg9CLWA1/zI1BZ8TDmC9h45K3DwJjcD8zb56JPDi20PoIjVe3zUe3lf2geBxsAyhR5Cs4vWWUBzyocdkFDu+QXirPJv5lxcuiPhUVyDQZtHOK9evrXOOpeZiYgpqxcYTqHk5JcZbrV1sTNU8mkQiJXuVDQO+hOoOO7yES3reMv0pDXtc/Cfz5ZHJuAaGhU/fawIjUBlIeXY3wjUJe3UYgm1qE/idyq+9rU5TVApjxo+mjR
52848/tcp filtered unknown no-response
Service Info: OS: Linux; CPE: cpe:/o:linux:linux_kernel

Read data files from: /usr/bin/../share/nmap
Service detection performed. Please report any incorrect results at https://nmap.org/submit/ .
# Nmap done at Wed Mar 22 19:16:17 2023 -- 1 IP address (1 host up) scanned in 79.72 seconds
