# Nmap 7.80 scan initiated Mon Mar 13 23:04:28 2023 as: nmap -sC -sV -oN nmap_init.log -vv 10.10.17.244
Increasing send delay for 10.10.17.244 from 0 to 5 due to 62 out of 205 dropped probes since last increase.
Nmap scan report for 10.10.17.244
Host is up, received syn-ack (0.25s latency).
Scanned at 2023-03-13 23:04:29 +0630 for 52s
Not shown: 998 closed ports
Reason: 998 conn-refused
PORT   STATE SERVICE REASON  VERSION
22/tcp open  ssh     syn-ack OpenSSH 7.2p2 Ubuntu 4ubuntu2.8 (Ubuntu Linux; protocol 2.0)
| ssh-hostkey: 
|   2048 ac:f9:85:10:52:65:6e:17:f5:1c:34:e7:d8:64:67:b1 (RSA)
| ssh-rsa AAAAB3NzaC1yc2EAAAADAQABAAABAQDnNdHQKU4ZvpWn7Amdx7LPhuwUsHY8p1O8msRAEkaIGcDzlla2FxdlnCnS1h+A84lzn1oubZyb5vMrPM8T2IsxoSU2gcbbgfq/3giAL+hmuKm/nD43OKRflSHlcpIVgwQOVRdEfbQSOVpV5VBtJziA1Xu2dts2WWtawDS93CBtlfyeh+BuxZvBPX2k8XPWwykyR6cWbdGz1AAx6oxNRvNShJ99c9Vs7FW6bogwLAe9SWsFi2oB7ti6M/OH1qxgy7ZPQFhItvI4Vz2zZFGVEltL1fkwk2dat8yfFNWwm6+/cMTJqbVb7MPt3jc9QpmJmpgwyWuy4FTNgFt9GKNOJU6N
|   256 dd:8e:5a:ec:b1:95:cd:dc:4d:01:b3:fe:5f:4e:12:c1 (ECDSA)
| ecdsa-sha2-nistp256 AAAAE2VjZHNhLXNoYTItbmlzdHAyNTYAAAAIbmlzdHAyNTYAAABBBGMMalsXVdAFj+Iu4tESrnvI/5V64b4toSG7PK2N/XPqOe3q3z5OaDTK6TWo0ezdamfDPem/UO9WesVBxmJXDkE=
|   256 e9:ed:e3:eb:58:77:3b:00:5e:3a:f5:24:d8:58:34:8e (ED25519)
|_ssh-ed25519 AAAAC3NzaC1lZDI1NTE5AAAAIB3zGVeEQDBVK50Tz0eNWzBJny6ddQfBb3wmmG3QtMAQ
80/tcp open  http    syn-ack Apache httpd 2.4.18 ((Ubuntu))
| http-methods: 
|_  Supported Methods: GET HEAD POST OPTIONS
|_http-server-header: Apache/2.4.18 (Ubuntu)
|_http-title: Apache2 Ubuntu Default Page: It works
Service Info: OS: Linux; CPE: cpe:/o:linux:linux_kernel

Read data files from: /usr/bin/../share/nmap
Service detection performed. Please report any incorrect results at https://nmap.org/submit/ .
# Nmap done at Mon Mar 13 23:05:21 2023 -- 1 IP address (1 host up) scanned in 52.82 seconds
