# Nmap 7.80 scan initiated Fri Mar 10 16:41:10 2023 as: nmap -sC -sV -oN nmap_init.log -vv 10.10.38.164
Nmap scan report for 10.10.38.164
Host is up, received conn-refused (0.26s latency).
Scanned at 2023-03-10 16:41:11 +0630 for 80s
Not shown: 996 closed ports
Reason: 996 conn-refused
PORT    STATE SERVICE     REASON  VERSION
21/tcp  open  ftp         syn-ack vsftpd 2.0.8 or later
| ftp-anon: Anonymous FTP login allowed (FTP code 230)
|_drwxrwxrwx    2 111      113          4096 Jun 04  2020 scripts [NSE: writeable]
| ftp-syst: 
|   STAT: 
| FTP server status:
|      Connected to ::ffff:10.11.8.57
|      Logged in as ftp
|      TYPE: ASCII
|      No session bandwidth limit
|      Session timeout in seconds is 300
|      Control connection is plain text
|      Data connections will be plain text
|      At session startup, client count was 4
|      vsFTPd 3.0.3 - secure, fast, stable
|_End of status
22/tcp  open  ssh         syn-ack OpenSSH 7.6p1 Ubuntu 4ubuntu0.3 (Ubuntu Linux; protocol 2.0)
| ssh-hostkey: 
|   2048 8b:ca:21:62:1c:2b:23:fa:6b:c6:1f:a8:13:fe:1c:68 (RSA)
| ssh-rsa AAAAB3NzaC1yc2EAAAADAQABAAABAQDCi47ePYjDctfwgAphABwT1jpPkKajXoLvf3bb/zvpvDvXwWKnm6nZuzL2HA1veSQa90ydSSpg8S+B8SLpkFycv7iSy2/Jmf7qY+8oQxWThH1fwBMIO5g/TTtRRta6IPoKaMCle8hnp5pSP5D4saCpSW3E5rKd8qj3oAj6S8TWgE9cBNJbMRtVu1+sKjUy/7ymikcPGAjRSSaFDroF9fmGDQtd61oU5waKqurhZpre70UfOkZGWt6954rwbXthTeEjf+4J5+gIPDLcKzVO7BxkuJgTqk4lE9ZU/5INBXGpgI5r4mZknbEPJKS47XaOvkqm9QWveoOSQgkqdhIPjnhD
|   256 95:89:a4:12:e2:e6:ab:90:5d:45:19:ff:41:5f:74:ce (ECDSA)
| ecdsa-sha2-nistp256 AAAAE2VjZHNhLXNoYTItbmlzdHAyNTYAAAAIbmlzdHAyNTYAAABBBPjHnAlR7sBuoSM2X5sATLllsFrcUNpTS87qXzhMD99aGGzyOlnWmjHGNmm34cWSzOohxhoK2fv9NWwcIQ5A/ng=
|   256 e1:2a:96:a4:ea:8f:68:8f:cc:74:b8:f0:28:72:70:cd (ED25519)
|_ssh-ed25519 AAAAC3NzaC1lZDI1NTE5AAAAIDHIuFL9AdcmaAIY7u+aJil1covB44FA632BSQ7sUqap
139/tcp open  netbios-ssn syn-ack Samba smbd 3.X - 4.X (workgroup: WORKGROUP)
445/tcp open  netbios-ssn syn-ack Samba smbd 3.X - 4.X (workgroup: WORKGROUP)
Service Info: Host: ANONYMOUS; OS: Linux; CPE: cpe:/o:linux:linux_kernel

Host script results:
|_clock-skew: mean: 0s, deviation: 0s, median: 0s
|_ms-sql-info: ERROR: Script execution failed (use -d to debug)
| nbstat: NetBIOS name: ANONYMOUS, NetBIOS user: <unknown>, NetBIOS MAC: <unknown> (unknown)
| Names:
|   ANONYMOUS<00>        Flags: <unique><active>
|   ANONYMOUS<03>        Flags: <unique><active>
|   ANONYMOUS<20>        Flags: <unique><active>
|   \x01\x02__MSBROWSE__\x02<01>  Flags: <group><active>
|   WORKGROUP<00>        Flags: <group><active>
|   WORKGROUP<1d>        Flags: <unique><active>
|   WORKGROUP<1e>        Flags: <group><active>
| Statistics:
|   00 00 00 00 00 00 00 00 00 00 00 00 00 00 00 00 00
|   00 00 00 00 00 00 00 00 00 00 00 00 00 00 00 00 00
|_  00 00 00 00 00 00 00 00 00 00 00 00 00 00
| p2p-conficker: 
|   Checking for Conficker.C or higher...
|   Check 1 (port 44610/tcp): CLEAN (Couldn't connect)
|   Check 2 (port 60108/tcp): CLEAN (Couldn't connect)
|   Check 3 (port 42595/udp): CLEAN (Failed to receive data)
|   Check 4 (port 22987/udp): CLEAN (Failed to receive data)
|_  0/4 checks are positive: Host is CLEAN or ports are blocked
|_smb-os-discovery: ERROR: Script execution failed (use -d to debug)
| smb-security-mode: 
|   account_used: guest
|   authentication_level: user
|   challenge_response: supported
|_  message_signing: disabled (dangerous, but default)
| smb2-security-mode: 
|   2.02: 
|_    Message signing enabled but not required
| smb2-time: 
|   date: 2023-03-10T10:12:23
|_  start_date: N/A

Read data files from: /usr/bin/../share/nmap
Service detection performed. Please report any incorrect results at https://nmap.org/submit/ .
# Nmap done at Fri Mar 10 16:42:31 2023 -- 1 IP address (1 host up) scanned in 81.51 seconds
