# Nmap 7.80 scan initiated Wed Mar  8 23:55:56 2023 as: nmap -sC -sV -oN nmap_init.log -vv 10.10.62.158
Nmap scan report for 10.10.62.158
Host is up, received syn-ack (0.27s latency).
Scanned at 2023-03-08 23:55:57 +0630 for 33s
Not shown: 997 filtered ports
Reason: 997 no-responses
PORT   STATE SERVICE REASON  VERSION
21/tcp open  ftp     syn-ack vsftpd 3.0.3
22/tcp open  ssh     syn-ack OpenSSH 7.6p1 Ubuntu 4ubuntu0.3 (Ubuntu Linux; protocol 2.0)
| ssh-hostkey: 
|   2048 79:5f:11:6a:85:c2:08:24:30:6c:d4:88:74:1b:79:4d (RSA)
| ssh-rsa AAAAB3NzaC1yc2EAAAADAQABAAABAQDRK/xFh/H4lC7shWUUvK9lKxd3VO2OwfsC8LjFEU2CnEUrbVCnzx8jiVp5gO+CVAj63+GXkbIuXpynlQ/4j1dXdVUz/yAZ96cHiCNo6S5ThONoG2g2ObJSviCX2wBXhUJEzW07mRdtx4nesr6XWMj9hwIlSfSBS2iPEiqHfGrjp14NjG6Xmq5hxZh5Iq3dBrOd/ZZKjGsHe+RElAMzIwRK5NwFlE7zt7ZiANrFSy4YD4zerNSyEnjPdnE6/ArBmqOFtsWKZ2p/Wc0oLOP7d6YBwQyZ9yQNVGYS9gDIGZyQCYsMDVJf7jNvRp/3Ru53FMRcsYm5+ItIrgrx5GbpA+LR
|   256 af:7e:3f:7e:b4:86:58:83:f1:f6:a2:54:a6:9b:ba:ad (ECDSA)
| ecdsa-sha2-nistp256 AAAAE2VjZHNhLXNoYTItbmlzdHAyNTYAAAAIbmlzdHAyNTYAAABBBBM4d9TCz3FkEBEJ1VMjOsCrxsbS3YGb7mu9WgtnaFPZs2eG4ssCWz9nWeLolFgvHyT5WxRT0SFSv3vCZCtN86I=
|   256 26:25:b0:7b:dc:3f:b2:94:37:12:5d:cd:06:98:c7:9f (ED25519)
|_ssh-ed25519 AAAAC3NzaC1lZDI1NTE5AAAAIHUxjoul7JvmqQMtGOuadBwi2mBVCdXhJjoG5x+l+uQn
80/tcp open  http    syn-ack Apache httpd 2.4.29 ((Ubuntu))
| http-methods: 
|_  Supported Methods: GET POST OPTIONS HEAD
|_http-server-header: Apache/2.4.29 (Ubuntu)
|_http-title: Apache2 Ubuntu Default Page: It works! If you see this add 'te...
Service Info: OSs: Unix, Linux; CPE: cpe:/o:linux:linux_kernel

Read data files from: /usr/bin/../share/nmap
Service detection performed. Please report any incorrect results at https://nmap.org/submit/ .
# Nmap done at Wed Mar  8 23:56:30 2023 -- 1 IP address (1 host up) scanned in 34.25 seconds
