# Nmap 7.80 scan initiated Tue Mar  7 18:33:48 2023 as: nmap -sC -sV -oN nmap_init.log -vv 10.10.151.94
Nmap scan report for 10.10.151.94
Host is up, received syn-ack (0.23s latency).
Scanned at 2023-03-07 18:33:49 +0630 for 43s
Not shown: 998 closed ports
Reason: 998 conn-refused
PORT   STATE SERVICE REASON  VERSION
22/tcp open  ssh     syn-ack OpenSSH 7.6p1 Ubuntu 4ubuntu0.3 (Ubuntu Linux; protocol 2.0)
| ssh-hostkey: 
|   2048 9f:1d:2c:9d:6c:a4:0e:46:40:50:6f:ed:cf:1c:f3:8c (RSA)
| ssh-rsa AAAAB3NzaC1yc2EAAAADAQABAAABAQDPrwb4vLZ/CJqefgxZMUh3zsubjXMLrKYpP8Oy5jNSRaZynNICWMQNfcuLZ2GZbR84iEQJrNqCFcbsgD+4OPyy0TXV1biJExck3OlriDBn3g9trxh6qcHTBKoUMM3CnEJtuaZ1ZPmmebbRGyrG03jzIow+w2updsJ3C0nkUxdSQ7FaNxwYOZ5S3X5XdLw2RXu/o130fs6qmFYYTm2qii6Ilf5EkyffeYRc8SbPpZKoEpT7TQ08VYEICier9ND408kGERHinsVtBDkaCec3XmWXkFsOJUdW4BYVhrD3M8JBvL1kPmReOnx8Q7JX2JpGDenXNOjEBS3BIX2vjj17Qo3V
|   256 63:73:27:c7:61:04:25:6a:08:70:7a:36:b2:f2:84:0d (ECDSA)
| ecdsa-sha2-nistp256 AAAAE2VjZHNhLXNoYTItbmlzdHAyNTYAAAAIbmlzdHAyNTYAAABBBKhhd/akQ2OLPa2ogtMy7V/GEqDyDz8IZZQ+266QEHke6vdC9papydu1wlbdtMVdOPx1S6zxA4CzyrcIwDQSiCg=
|   256 b6:4e:d2:9c:37:85:d6:76:53:e8:c4:e0:48:1c:ae:6c (ED25519)
|_ssh-ed25519 AAAAC3NzaC1lZDI1NTE5AAAAIBE3FV9PrmRlGbT2XSUjGvDjlWoA/7nPoHjcCXLer12O
80/tcp open  http    syn-ack Apache httpd 2.4.29 ((Ubuntu))
| http-methods: 
|_  Supported Methods: POST OPTIONS HEAD GET
|_http-server-header: Apache/2.4.29 (Ubuntu)
|_http-title: Wavefire
Service Info: OS: Linux; CPE: cpe:/o:linux:linux_kernel

Read data files from: /usr/bin/../share/nmap
Service detection performed. Please report any incorrect results at https://nmap.org/submit/ .
# Nmap done at Tue Mar  7 18:34:32 2023 -- 1 IP address (1 host up) scanned in 43.84 seconds
