# Nmap 7.80 scan initiated Fri Mar 17 01:43:57 2023 as: nmap -sC -sV -oN nmap_init.log -vv 10.10.22.62
Nmap scan report for 10.10.22.62
Host is up, received syn-ack (0.40s latency).
Scanned at 2023-03-17 01:43:58 +0630 for 76s
Not shown: 993 closed ports
Reason: 993 conn-refused
PORT     STATE SERVICE     REASON  VERSION
21/tcp   open  ftp         syn-ack ProFTPD 1.3.5
22/tcp   open  ssh         syn-ack OpenSSH 7.2p2 Ubuntu 4ubuntu2.7 (Ubuntu Linux; protocol 2.0)
| ssh-hostkey: 
|   2048 b3:ad:83:41:49:e9:5d:16:8d:3b:0f:05:7b:e2:c0:ae (RSA)
| ssh-rsa AAAAB3NzaC1yc2EAAAADAQABAAABAQC8m00IxH/X5gfu6Cryqi5Ti2TKUSpqgmhreJsfLL8uBJrGAKQApxZ0lq2rKplqVMs+xwlGTuHNZBVeURqvOe9MmkMUOh4ZIXZJ9KNaBoJb27fXIvsS6sgPxSUuaeoWxutGwHHCDUbtqHuMAoSE2Nwl8G+VPc2DbbtSXcpu5c14HUzktDmsnfJo/5TFiRuYR0uqH8oDl6Zy3JSnbYe/QY+AfTpr1q7BDV85b6xP97/1WUTCw54CKUTV25Yc5h615EwQOMPwox94+48JVmgE00T4ARC3l6YWibqY6a5E8BU+fksse35fFCwJhJEk6xplDkeauKklmVqeMysMWdiAQtDj
|   256 f8:27:7d:64:29:97:e6:f8:65:54:65:22:f7:c8:1d:8a (ECDSA)
| ecdsa-sha2-nistp256 AAAAE2VjZHNhLXNoYTItbmlzdHAyNTYAAAAIbmlzdHAyNTYAAABBBBpJvoJrIaQeGsbHE9vuz4iUyrUahyfHhN7wq9z3uce9F+Cdeme1O+vIfBkmjQJKWZ3vmezLSebtW3VRxKKH3n8=
|   256 5a:06:ed:eb:b6:56:7e:4c:01:dd:ea:bc:ba:fa:33:79 (ED25519)
|_ssh-ed25519 AAAAC3NzaC1lZDI1NTE5AAAAIGB22m99Wlybun7o/h9e6Ea/9kHMT0Dz2GqSodFqIWDi
80/tcp   open  http        syn-ack Apache httpd 2.4.18 ((Ubuntu))
| http-methods: 
|_  Supported Methods: POST OPTIONS GET HEAD
| http-robots.txt: 1 disallowed entry 
|_/admin.html
|_http-server-header: Apache/2.4.18 (Ubuntu)
|_http-title: Site doesn't have a title (text/html).
111/tcp  open  rpcbind     syn-ack 2-4 (RPC #100000)
| rpcinfo: 
|   program version    port/proto  service
|   100000  2,3,4        111/tcp   rpcbind
|   100000  2,3,4        111/udp   rpcbind
|   100000  3,4          111/tcp6  rpcbind
|   100000  3,4          111/udp6  rpcbind
|   100003  2,3,4       2049/tcp   nfs
|   100003  2,3,4       2049/tcp6  nfs
|   100003  2,3,4       2049/udp   nfs
|   100003  2,3,4       2049/udp6  nfs
|   100005  1,2,3      39629/tcp   mountd
|   100005  1,2,3      49130/udp6  mountd
|   100005  1,2,3      56876/udp   mountd
|   100005  1,2,3      59661/tcp6  mountd
|   100021  1,3,4      34205/tcp   nlockmgr
|   100021  1,3,4      39325/tcp6  nlockmgr
|   100021  1,3,4      51786/udp   nlockmgr
|   100021  1,3,4      60744/udp6  nlockmgr
|   100227  2,3         2049/tcp   nfs_acl
|   100227  2,3         2049/tcp6  nfs_acl
|   100227  2,3         2049/udp   nfs_acl
|_  100227  2,3         2049/udp6  nfs_acl
139/tcp  open  netbios-ssn syn-ack Samba smbd 3.X - 4.X (workgroup: WORKGROUP)
445/tcp  open  netbios-ssn syn-ack Samba smbd 3.X - 4.X (workgroup: WORKGROUP)
2049/tcp open  nfs_acl     syn-ack 2-3 (RPC #100227)
Service Info: Host: KENOBI; OSs: Unix, Linux; CPE: cpe:/o:linux:linux_kernel

Host script results:
|_clock-skew: mean: 0s, deviation: 0s, median: 0s
|_ms-sql-info: ERROR: Script execution failed (use -d to debug)
| nbstat: NetBIOS name: KENOBI, NetBIOS user: <unknown>, NetBIOS MAC: <unknown> (unknown)
| Names:
|   KENOBI<00>           Flags: <unique><active>
|   KENOBI<03>           Flags: <unique><active>
|   KENOBI<20>           Flags: <unique><active>
|   \x01\x02__MSBROWSE__\x02<01>  Flags: <group><active>
|   WORKGROUP<00>        Flags: <group><active>
|   WORKGROUP<1d>        Flags: <unique><active>
|   WORKGROUP<1e>        Flags: <group><active>
| Statistics:
|   00 00 00 00 00 00 00 00 00 00 00 00 00 00 00 00 00
|   00 00 00 00 00 00 00 00 00 00 00 00 00 00 00 00 00
|_  00 00 00 00 00 00 00 00 00 00 00 00 00 00
| p2p-conficker: 
|   Checking for Conficker.C or higher...
|   Check 1 (port 15765/tcp): CLEAN (Couldn't connect)
|   Check 2 (port 16211/tcp): CLEAN (Couldn't connect)
|   Check 3 (port 37492/udp): CLEAN (Failed to receive data)
|   Check 4 (port 39037/udp): CLEAN (Failed to receive data)
|_  0/4 checks are positive: Host is CLEAN or ports are blocked
|_smb-os-discovery: ERROR: Script execution failed (use -d to debug)
| smb-security-mode: 
|   account_used: guest
|   authentication_level: user
|   challenge_response: supported
|_  message_signing: disabled (dangerous, but default)
| smb2-security-mode: 
|   2.02: 
|_    Message signing enabled but not required
| smb2-time: 
|   date: 2023-03-16T19:15:06
|_  start_date: N/A

Read data files from: /usr/bin/../share/nmap
Service detection performed. Please report any incorrect results at https://nmap.org/submit/ .
# Nmap done at Fri Mar 17 01:45:14 2023 -- 1 IP address (1 host up) scanned in 77.23 seconds
