# Nmap 7.80 scan initiated Thu Mar 16 15:03:35 2023 as: nmap -A -T4 -oN nmap_init.log -vv 10.10.177.102
Warning: 10.10.177.102 giving up on port because retransmission cap hit (6).
Nmap scan report for 10.10.177.102
Host is up, received syn-ack (0.23s latency).
Scanned at 2023-03-16 15:03:36 +0630 for 423s
Not shown: 813 closed ports, 185 filtered ports
Reason: 813 conn-refused and 185 no-responses
PORT   STATE SERVICE REASON  VERSION
22/tcp open  ssh     syn-ack OpenSSH 7.6p1 Ubuntu 4ubuntu0.3 (Ubuntu Linux; protocol 2.0)
| ssh-hostkey: 
|   2048 24:31:19:2a:b1:97:1a:04:4e:2c:36:ac:84:0a:75:87 (RSA)
| ssh-rsa AAAAB3NzaC1yc2EAAAADAQABAAABAQCeKBugyQF6HXEU3mbcoDHQrassdoNtJToZ9jaNj4Sj9MrWISOmr0qkxNx2sHPxz89dR0ilnjCyT3YgcI5rtcwGT9RtSwlxcol5KuDveQGO8iYDgC/tjYYC9kefS1ymnbm0I4foYZh9S+erXAaXMO2Iac6nYk8jtkS2hg+vAx+7+5i4fiaLovQSYLd1R2Mu0DLnUIP7jJ1645aqYMnXxp/bi30SpJCchHeMx7zsBJpAMfpY9SYyz4jcgCGhEygvZ0jWJ+qx76/kaujl4IMZXarWAqchYufg57Hqb7KJE216q4MUUSHou1TPhJjVqk92a9rMUU2VZHJhERfMxFHVwn3H
|   256 21:3d:46:18:93:aa:f9:e7:c9:b5:4c:0f:16:0b:71:e1 (ECDSA)
| ecdsa-sha2-nistp256 AAAAE2VjZHNhLXNoYTItbmlzdHAyNTYAAAAIbmlzdHAyNTYAAABBBBouHlbsFayrqWaldHlTkZkkyVCu3jXPO1lT3oWtx/6dINbYBv0MTdTAMgXKtg6M/CVQGfjQqFS2l2wwj/4rT0s=
|   256 c1:fb:7d:73:2b:57:4a:8b:dc:d7:6f:49:bb:3b:d0:20 (ED25519)
|_ssh-ed25519 AAAAC3NzaC1lZDI1NTE5AAAAIIfp73VYZTWg6dtrDGS/d5NoJjoc4q0Fi0Gsg3Dl+M3I
80/tcp open  http    syn-ack Apache httpd 2.4.38 ((Debian))
| http-methods: 
|_  Supported Methods: GET HEAD POST OPTIONS
|_http-server-header: Apache/2.4.38 (Debian)
|_http-title: dogcat
Service Info: OS: Linux; CPE: cpe:/o:linux:linux_kernel

Read data files from: /usr/bin/../share/nmap
Service detection performed. Please report any incorrect results at https://nmap.org/submit/ .
# Nmap done at Thu Mar 16 15:10:39 2023 -- 1 IP address (1 host up) scanned in 424.08 seconds
