# Nmap 7.80 scan initiated Thu Mar  9 02:04:53 2023 as: nmap -sC -sV -oN nmap_init.log -vv 10.10.91.106
Nmap scan report for 10.10.91.106
Host is up, received conn-refused (0.23s latency).
Scanned at 2023-03-09 02:04:54 +0630 for 56s
Not shown: 994 closed ports
Reason: 994 conn-refused
PORT     STATE    SERVICE    REASON      VERSION
21/tcp   open     ftp        syn-ack     vsftpd 3.0.3
22/tcp   open     ssh        syn-ack     OpenSSH 7.6p1 Ubuntu 4ubuntu0.3 (Ubuntu Linux; protocol 2.0)
| ssh-hostkey: 
|   2048 dc:66:89:85:e7:05:c2:a5:da:7f:01:20:3a:13:fc:27 (RSA)
| ssh-rsa AAAAB3NzaC1yc2EAAAADAQABAAABAQDiFl7iswZsMnnI2RuX0ezMMVjUXFY1lJmZr3+H701ZA6nJUb2ymZyXusE/wuqL4BZ+x5gF2DLLRH7fdJkdebuuaMpQtQfEdsOMT+JakQgCDls38FH1jcrpGI3MY55eHcSilT/EsErmuvYv1s3Yvqds6xoxyvGgdptdqiaj4KFBNSDVneCSF/K7IQdbavM3Q7SgKchHJUHt6XO3gICmZmq8tSAdd2b2Ik/rYzpIiyMtfP3iWsyVgjR/q8oR08C2lFpPN8uSyIHkeH1py0aGl+V1E7j2yvVMIb4m3jGtLWH89iePTXmfLkin2feT6qAm7acdktZRJTjaJ8lEMFTHEijJ
|   256 c3:67:dd:26:fa:0c:56:92:f3:5b:a0:b3:8d:6d:20:ab (ECDSA)
| ecdsa-sha2-nistp256 AAAAE2VjZHNhLXNoYTItbmlzdHAyNTYAAAAIbmlzdHAyNTYAAABBBLy2NkFfAZMY462Bf2wSIGzla3CDXwLNlGEpaCs1Uj55Psxk5Go/Y6Cw52NEljhi9fiXOOkIxpBEC8bOvEcNeNY=
|   256 11:9b:5a:d6:ff:2f:e4:49:d2:b5:17:36:0e:2f:1d:2f (ED25519)
|_ssh-ed25519 AAAAC3NzaC1lZDI1NTE5AAAAIEipoohPz5HURhNfvE+WYz4Hc26k5ObMPnAQNoUDsge3
42/tcp   filtered nameserver no-response
3404/tcp filtered unknown    no-response
8081/tcp open     http       syn-ack     Node.js Express framework
|_http-cors: HEAD GET POST PUT DELETE PATCH
| http-methods: 
|_  Supported Methods: GET HEAD POST OPTIONS
|_http-title: Site doesn't have a title (text/html; charset=utf-8).
9876/tcp filtered sd         no-response
Service Info: OSs: Unix, Linux; CPE: cpe:/o:linux:linux_kernel

Read data files from: /usr/bin/../share/nmap
Service detection performed. Please report any incorrect results at https://nmap.org/submit/ .
# Nmap done at Thu Mar  9 02:05:50 2023 -- 1 IP address (1 host up) scanned in 57.19 seconds
