# Nmap 7.80 scan initiated Tue Mar 14 02:27:48 2023 as: nmap -sC -sV -oN nmap_init.log -vv 10.10.20.116
Nmap scan report for 10.10.20.116
Host is up, received syn-ack (0.23s latency).
Scanned at 2023-03-14 02:27:49 +0630 for 84s
Not shown: 993 closed ports
Reason: 993 conn-refused
PORT      STATE    SERVICE   REASON      VERSION
22/tcp    open     http      syn-ack     Apache httpd 2.4.10 ((Debian))
| http-methods: 
|_  Supported Methods: GET HEAD POST OPTIONS
|_http-server-header: Apache/2.4.10 (Debian)
|_http-title: Jack-of-all-trades!
|_ssh-hostkey: ERROR: Script execution failed (use -d to debug)
80/tcp    open     ssh       syn-ack     OpenSSH 6.7p1 Debian 5 (protocol 2.0)
| ssh-hostkey: 
|   1024 13:b7:f0:a1:14:e2:d3:25:40:ff:4b:94:60:c5:00:3d (DSA)
| ssh-dss AAAAB3NzaC1kc3MAAACBANucPy+D67M/cKVTYaHYYpt9bqPviYbWW/4+BFnUOQoNordc9Pc+8CauJqNFiebIqpKYKXhpEAt82m1IjQh8EmWdJYcQnkMFgukM3/mGjngXTbUO8vAbi53Zy8wwOaBlmRK9mvfAYEWPkcjzRmYgSp51TgEtSGWIyAkc1Lx6YVtDAAAAFQCsIgZJlrsYvAtF7Rmho7lIdn0WOwAAAIEApri35SyOophhqX45JcDpVASe3CSs8tPMGoOc0I9ZtTGt5qyb1cl7N3tXsP6mlrw4d4YNo8ct0w6TjsxPcJjGitRQ+SILWHy72XZ5Chde6yewKB5BeBjXrYvRR1rW+Tpia5kyjB4s0mGB7o3FMjX/dT+ISqYvZeVa7mQnBo0f0XMAAACAP89Ag2kmcs0FBt7KCBieH3UB6gF+LdeRVJHio5p4VQ8cTY1NZDyWqudS1TJq1BAToJSz9MqwUwzlILjRjuGQtylpssWSRbHyM0aqmJdORSMOCMUiEwyfk6T8+Vmama/AN7/htZeWBjWVeVEnbYJJQ6kPSCvZodMdOggYXcv32CA=
|   2048 91:0c:d6:43:d9:40:c3:88:b1:be:35:0b:bc:b9:90:88 (RSA)
| ssh-rsa AAAAB3NzaC1yc2EAAAADAQABAAABAQDbCwl2kyYWpv1DPDF0xQ5szNR1muMph6gJMJFw9VubKkSvHMWfg7CaCNcyo1QR5dg9buIygIGab8e9aigJdjQUY4XeBejwGe+vAA8RtPMoiLclR6g5qAqVQSeZ2FBzMrmkyKIgsSDb8tP+czpzn/Gp1HzDtiYUvleTvO2xEZ3k2Xz8YDvPlkV4zAIPzZSSZ8BABPYsBrePIwMpr/ZjeeiE59DlkUIv8x8M0z9KOls9zaeqFsbWrfMZzFgtPP+KILN6GrGijxgcGq5mDwvr67oHL3T3FtpReE+UZ/CafmzO/2Ls8XstmUiNeMaNBYtc6703/84bpL0uLp/pkILS8eqX
|   256 a3:fb:09:fb:50:80:71:8f:93:1f:8d:43:97:1e:dc:ab (ECDSA)
| ecdsa-sha2-nistp256 AAAAE2VjZHNhLXNoYTItbmlzdHAyNTYAAAAIbmlzdHAyNTYAAABBBO4p2E6NglzDeP40tJ42LjWaVrOcINmy42cspAv8DSzGD0K+V3El/tyGBxCJlMMR7wbN0968CQl61x0AkkAHLFk=
|   256 65:21:e7:4e:7c:5a:e7:bc:c6:ff:68:ca:f1:cb:75:e3 (ED25519)
|_ssh-ed25519 AAAAC3NzaC1lZDI1NTE5AAAAIC6jYsDJq1mWTDx7D+p3mMbqXhu9OhhW2p1ickLCdZ9E
89/tcp    filtered su-mit-tg no-response
3493/tcp  filtered nut       no-response
5054/tcp  filtered rlm-admin no-response
7920/tcp  filtered unknown   no-response
27355/tcp filtered unknown   no-response
Service Info: OS: Linux; CPE: cpe:/o:linux:linux_kernel

Read data files from: /usr/bin/../share/nmap
Service detection performed. Please report any incorrect results at https://nmap.org/submit/ .
# Nmap done at Tue Mar 14 02:29:13 2023 -- 1 IP address (1 host up) scanned in 84.54 seconds
