# Nmap 7.80 scan initiated Tue Mar 14 14:41:18 2023 as: nmap -sC -sV -oN nmap_init.log -vv 10.10.98.56
Nmap scan report for 10.10.98.56
Host is up, received conn-refused (0.36s latency).
Scanned at 2023-03-14 14:41:19 +0630 for 88s
Not shown: 992 closed ports
Reason: 992 conn-refused
PORT     STATE    SERVICE     REASON      VERSION
22/tcp   open     ssh         syn-ack     OpenSSH 7.6p1 Ubuntu 4ubuntu0.3 (Ubuntu Linux; protocol 2.0)
| ssh-hostkey: 
|   2048 5e:27:8f:48:ae:2f:f8:89:bb:89:13:e3:9a:fd:63:40 (RSA)
| ssh-rsa AAAAB3NzaC1yc2EAAAADAQABAAABAQDagA3GVO7hKpJpO1Vr6+z3Y9xjoeihZFWXSrBG2MImbpPH6jk+1KyJwQpGmhMEGhGADM1LbmYf3goHku11Ttb0gbXaCt+mw1Ea+K0H00jA0ce2gBqev+PwZz0ysxCLUbYXCSv5Dd1XSa67ITSg7A6h+aRfkEVN2zrbM5xBQiQv6aBgyaAvEHqQ73nZbPdtwoIGkm7VL9DATomofcEykaXo3tmjF2vRTN614H0PpfZBteRpHoJI4uzjwXeGVOU/VZcl7EMBd/MRHdspvULJXiI476ID/ZoQLT2zQf5Q2vqI3ulMj5CB29ryxq58TVGSz/sFv1ZBPbfOl9OvuBM5BTBV
|   256 f4:fe:0b:e2:5c:88:b5:63:13:85:50:dd:d5:86:ab:bd (ECDSA)
| ecdsa-sha2-nistp256 AAAAE2VjZHNhLXNoYTItbmlzdHAyNTYAAAAIbmlzdHAyNTYAAABBBNM0XfxK0hrF7d4C5DCyQGK3ml9U0y3Nhcvm6N9R+qv2iKW21CNEFjYf+ZEEi7lInOU9uP2A0HZG35kEVmuideE=
|   256 82:ea:48:85:f0:2a:23:7e:0e:a9:d9:14:0a:60:2f:ad (ED25519)
|_ssh-ed25519 AAAAC3NzaC1lZDI1NTE5AAAAIJPRO3XCBfxEo0XhViW8m/V+IlTWehTvWOyMDOWNJj+i
111/tcp  open     rpcbind     syn-ack     2-4 (RPC #100000)
| rpcinfo: 
|   program version    port/proto  service
|   100000  2,3,4        111/tcp   rpcbind
|   100000  2,3,4        111/udp   rpcbind
|   100000  3,4          111/tcp6  rpcbind
|   100000  3,4          111/udp6  rpcbind
|   100003  3           2049/udp   nfs
|   100003  3           2049/udp6  nfs
|   100003  3,4         2049/tcp   nfs
|   100003  3,4         2049/tcp6  nfs
|   100005  1,2,3      33041/udp   mountd
|   100005  1,2,3      34070/udp6  mountd
|   100005  1,2,3      46937/tcp   mountd
|   100005  1,2,3      49475/tcp6  mountd
|   100021  1,3,4      33455/tcp   nlockmgr
|   100021  1,3,4      36678/udp   nlockmgr
|   100021  1,3,4      45971/tcp6  nlockmgr
|   100021  1,3,4      56063/udp6  nlockmgr
|   100227  3           2049/tcp   nfs_acl
|   100227  3           2049/tcp6  nfs_acl
|   100227  3           2049/udp   nfs_acl
|_  100227  3           2049/udp6  nfs_acl
139/tcp  open     netbios-ssn syn-ack     Samba smbd 3.X - 4.X (workgroup: WORKGROUP)
427/tcp  filtered svrloc      no-response
445/tcp  open     netbios-ssn syn-ack     Samba smbd 3.X - 4.X (workgroup: WORKGROUP)
873/tcp  open     rsync       syn-ack     (protocol version 31)
2049/tcp open     nfs_acl     syn-ack     3 (RPC #100227)
9090/tcp filtered zeus-admin  no-response
Service Info: Host: VULNNET-INTERNAL; OS: Linux; CPE: cpe:/o:linux:linux_kernel

Host script results:
|_clock-skew: mean: 0s, deviation: 0s, median: 0s
|_ms-sql-info: ERROR: Script execution failed (use -d to debug)
| nbstat: NetBIOS name: VULNNET-INTERNA, NetBIOS user: <unknown>, NetBIOS MAC: <unknown> (unknown)
| Names:
|   VULNNET-INTERNA<00>  Flags: <unique><active>
|   VULNNET-INTERNA<03>  Flags: <unique><active>
|   VULNNET-INTERNA<20>  Flags: <unique><active>
|   WORKGROUP<00>        Flags: <group><active>
|   WORKGROUP<1e>        Flags: <group><active>
| Statistics:
|   00 00 00 00 00 00 00 00 00 00 00 00 00 00 00 00 00
|   00 00 00 00 00 00 00 00 00 00 00 00 00 00 00 00 00
|_  00 00 00 00 00 00 00 00 00 00 00 00 00 00
| p2p-conficker: 
|   Checking for Conficker.C or higher...
|   Check 1 (port 8950/tcp): CLEAN (Couldn't connect)
|   Check 2 (port 10463/tcp): CLEAN (Couldn't connect)
|   Check 3 (port 37258/udp): CLEAN (Failed to receive data)
|   Check 4 (port 62719/udp): CLEAN (Failed to receive data)
|_  0/4 checks are positive: Host is CLEAN or ports are blocked
|_smb-os-discovery: ERROR: Script execution failed (use -d to debug)
| smb-security-mode: 
|   account_used: guest
|   authentication_level: user
|   challenge_response: supported
|_  message_signing: disabled (dangerous, but default)
| smb2-security-mode: 
|   2.02: 
|_    Message signing enabled but not required
| smb2-time: 
|   date: 2023-03-14T08:12:38
|_  start_date: N/A

Read data files from: /usr/bin/../share/nmap
Service detection performed. Please report any incorrect results at https://nmap.org/submit/ .
# Nmap done at Tue Mar 14 14:42:47 2023 -- 1 IP address (1 host up) scanned in 88.85 seconds
