# Nmap 7.80 scan initiated Wed Mar  8 12:45:54 2023 as: nmap -sC -sV -oN nmap_init.log -vv 10.10.22.220
Nmap scan report for 10.10.22.220
Host is up, received syn-ack (0.27s latency).
Scanned at 2023-03-08 12:45:55 +0630 for 35s
Not shown: 998 filtered ports
Reason: 998 no-responses
PORT   STATE SERVICE REASON  VERSION
22/tcp open  ssh     syn-ack OpenSSH 7.2p2 Ubuntu 4ubuntu2.10 (Ubuntu Linux; protocol 2.0)
| ssh-hostkey: 
|   2048 58:1b:0c:0f:fa:cf:05:be:4c:c0:7a:f1:f1:88:61:1c (RSA)
| ssh-rsa AAAAB3NzaC1yc2EAAAADAQABAAABAQC2WTNk2XxeSH8TaknfbKriHmaAOjRnNrbq1/zkFU46DlQRZmmrUP0uXzX6o6mfrAoB5BgoFmQQMackU8IWRHxF9YABxn0vKGhCkTLquVvGtRNJjR8u3BUdJ/wW/HFBIQKfYcM+9agllshikS1j2wn28SeovZJ807kc49MVmCx3m1OyL3sJhouWCy8IKYL38LzOyRd8GEEuj6QiC+y3WCX2Zu7lKxC2AQ7lgHPBtxpAgKY+txdCCEN1bfemgZqQvWBhAQ1qRyZ1H+jr0bs3eCjTuybZTsa8aAJHV9JAWWEYFegsdFPL7n4FRMNz5Qg0BVK2HGIDre343MutQXalAx5P
|   256 3c:fc:e8:a3:7e:03:9a:30:2c:77:e0:0a:1c:e4:52:e6 (ECDSA)
| ecdsa-sha2-nistp256 AAAAE2VjZHNhLXNoYTItbmlzdHAyNTYAAAAIbmlzdHAyNTYAAABBBCEPDv6sOBVGEIgy/qtZRm+nk+qjGEiWPaK/TF3QBS4iLniYOJpvIGWagvcnvUvODJ0ToNWNb+rfx6FnpNPyOA0=
|   256 9d:59:c6:c7:79:c5:54:c4:1d:aa:e4:d1:84:71:01:92 (ED25519)
|_ssh-ed25519 AAAAC3NzaC1lZDI1NTE5AAAAIGldKE9PtIBaggRavyOW10GTbDFCLUZrB14DN4/2VgyL
80/tcp open  http    syn-ack Apache httpd 2.4.18 ((Ubuntu))
| http-methods: 
|_  Supported Methods: GET HEAD POST OPTIONS
| http-robots.txt: 1 disallowed entry 
|_/
|_http-server-header: Apache/2.4.18 (Ubuntu)
|_http-title: Mustacchio | Home
Service Info: OS: Linux; CPE: cpe:/o:linux:linux_kernel

Read data files from: /usr/bin/../share/nmap
Service detection performed. Please report any incorrect results at https://nmap.org/submit/ .
# Nmap done at Wed Mar  8 12:46:31 2023 -- 1 IP address (1 host up) scanned in 36.86 seconds
