# Nmap 7.80 scan initiated Sat Mar 25 20:06:10 2023 as: nmap -sC -sV -oN nmap_init.log -vv 10.10.27.228
Increasing send delay for 10.10.27.228 from 0 to 5 due to 28 out of 91 dropped probes since last increase.
Nmap scan report for 10.10.27.228
Host is up, received syn-ack (0.24s latency).
Scanned at 2023-03-25 20:06:11 +0630 for 72s
Not shown: 997 closed ports
Reason: 997 conn-refused
PORT     STATE SERVICE REASON  VERSION
22/tcp   open  ssh     syn-ack OpenSSH 7.4 (protocol 2.0)
| ssh-hostkey: 
|   2048 68:ed:7b:19:7f:ed:14:e6:18:98:6d:c5:88:30:aa:e9 (RSA)
| ssh-rsa AAAAB3NzaC1yc2EAAAADAQABAAABAQCbp89KqmXj7Xx84uhisjiT7pGPYepXVTr4MnPu1P4fnlWzevm6BjeQgDBnoRVhddsjHhI1k+xdnahjcv6kykfT3mSeljfy+jRc+2ejMB95oK2AGycavgOfF4FLPYtd5J97WqRmu2ZC2sQUvbGMUsrNaKLAVdWRIqO5OO07WIGtr3c2ZsM417TTcTsSh1Cjhx3F+gbgi0BbBAN3sQqySa91AFruPA+m0R9JnDX5rzXmhWwzAM1Y8R72c4XKXRXdQT9szyyEiEwaXyT0p6XiaaDyxT2WMXTZEBSUKOHUQiUhX7JjBaeVvuX4ITG+W8zpZ6uXUrUySytuzMXlPyfMBy8B
|   256 5c:d6:82:da:b2:19:e3:37:99:fb:96:82:08:70:ee:9d (ECDSA)
| ecdsa-sha2-nistp256 AAAAE2VjZHNhLXNoYTItbmlzdHAyNTYAAAAIbmlzdHAyNTYAAABBBKb+wNoVp40Na4/Ycep7p++QQiOmDvP550H86ivDdM/7XF9mqOfdhWK0rrvkwq9EDZqibDZr3vL8MtwuMVV5Src=
|   256 d2:a9:75:cf:2f:1e:f5:44:4f:0b:13:c2:0f:d7:37:cc (ED25519)
|_ssh-ed25519 AAAAC3NzaC1lZDI1NTE5AAAAIP4TcvlwCGpiawPyNCkuXTK5CCpat+Bv8LycyNdiTJHX
80/tcp   open  http    syn-ack Apache httpd 2.4.6 ((CentOS) PHP/5.6.40)
|_http-favicon: Unknown favicon MD5: 1194D7D32448E1F90741A97B42AF91FA
|_http-generator: Joomla! - Open Source Content Management
| http-methods: 
|_  Supported Methods: GET HEAD POST OPTIONS
| http-robots.txt: 15 disallowed entries 
| /joomla/administrator/ /administrator/ /bin/ /cache/ 
| /cli/ /components/ /includes/ /installation/ /language/ 
|_/layouts/ /libraries/ /logs/ /modules/ /plugins/ /tmp/
|_http-server-header: Apache/2.4.6 (CentOS) PHP/5.6.40
|_http-title: Home
3306/tcp open  mysql   syn-ack MariaDB (unauthorized)

Read data files from: /usr/bin/../share/nmap
Service detection performed. Please report any incorrect results at https://nmap.org/submit/ .
# Nmap done at Sat Mar 25 20:07:23 2023 -- 1 IP address (1 host up) scanned in 73.08 seconds
