# Nmap 7.80 scan initiated Wed Mar 22 12:47:11 2023 as: nmap -sC -sV -oN nmap_init.log -vv 10.10.230.202
Nmap scan report for 10.10.230.202
Host is up, received syn-ack (0.69s latency).
Scanned at 2023-03-22 12:47:12 +0630 for 93s
Not shown: 997 filtered ports
Reason: 918 no-responses and 79 host-unreaches
PORT   STATE SERVICE REASON  VERSION
21/tcp open  ftp     syn-ack vsftpd 3.0.3
22/tcp open  ssh     syn-ack OpenSSH 8.0 (protocol 2.0)
| ssh-hostkey: 
|   3072 de:5b:0e:b5:40:aa:43:4d:2a:83:31:14:20:77:9c:a1 (RSA)
| ssh-rsa AAAAB3NzaC1yc2EAAAADAQABAAABgQDfSHQR3OtIeAUFx18phN/nfAIQ2uGHuJs0epoqF184E4Xr8fkjSFJHdA6GsVyGUjdlPqylT8Lpa+UhSSegb8sm1So8Nz42bthsftsOxMQVb/tpQzMUfjcxQOiyVmgxfEqs2Zzdv6GtxwgZWhKHt7T369ejxnVrZhn0m6jzQNfRhVoQe/jC20RKvBf8l8s6/SusbZR5SFfsg71KyrSKOXOxs12GhXkdbP32K3sXVEpWgfCfmIZAc2ZxNtL5uPCM4AOfjIFJHl1z9EX04ZjQ1rMzzOh9pD/b+W2mXt2nQGzRPnc8LyGDE0hFtw4+lBCoiH8zIt14S7dwbFFV1mWxbtZXVf7JhPiZDM2vBfqyowsDZ5oc2qyR+JEU4pqeVhRygs41isej/el19G8+ehz4W07KR97eM2omB25JehO7E4tpX1l8Imjs1XjqhhVuGE2tru/p62SRQOKzRZ19MCIFPxleSLorrHq/uuKdvd8j6rm0A9BrCsiB6gmPfal6Kr55vlU=
|   256 f4:b5:a6:60:f4:d1:bf:e2:85:2e:2e:7e:5f:4c:ce:38 (ECDSA)
| ecdsa-sha2-nistp256 AAAAE2VjZHNhLXNoYTItbmlzdHAyNTYAAAAIbmlzdHAyNTYAAABBBAPAji9Nkb2U9TeP47Pz7BEa943WGOeu5XrRrTV0+CS0eGfNQyZkK6ZICNdeov65c2NWFPFsZTFjO8Sg+e2n/lM=
|   256 29:e6:61:09:ed:8a:88:2b:55:74:f2:b7:33:ae:df:c8 (ED25519)
|_ssh-ed25519 AAAAC3NzaC1lZDI1NTE5AAAAIM/U6Td7C0nC8tiqS0Eejd+gQ3rjSyQW2DvcN0eoMFLS
80/tcp open  http    syn-ack Apache httpd 2.4.37 ((centos))
| http-methods: 
|   Supported Methods: HEAD GET POST OPTIONS TRACE
|_  Potentially risky methods: TRACE
|_http-server-header: Apache/2.4.37 (centos)
|_http-title: Overpass Hosting
Service Info: OS: Unix

Read data files from: /usr/bin/../share/nmap
Service detection performed. Please report any incorrect results at https://nmap.org/submit/ .
# Nmap done at Wed Mar 22 12:48:45 2023 -- 1 IP address (1 host up) scanned in 93.59 seconds
