# Nmap 7.80 scan initiated Mon Mar 20 00:32:25 2023 as: nmap -sC -sV -oN nmap_init.log -vv -Pn 10.10.49.250
Nmap scan report for 10.10.49.250
Host is up, received user-set (0.25s latency).
Scanned at 2023-03-20 00:32:26 +0630 for 42s
Not shown: 997 closed ports
Reason: 997 conn-refused
PORT   STATE SERVICE REASON  VERSION
21/tcp open  ftp     syn-ack vsftpd 3.0.3
| ftp-anon: Anonymous FTP login allowed (FTP code 230)
|_-rw-r--r--    1 0        0             396 May 25  2020 dad_tasks
| ftp-syst: 
|   STAT: 
| FTP server status:
|      Connected to ::ffff:10.11.8.57
|      Logged in as ftp
|      TYPE: ASCII
|      No session bandwidth limit
|      Session timeout in seconds is 300
|      Control connection is plain text
|      Data connections will be plain text
|      At session startup, client count was 3
|      vsFTPd 3.0.3 - secure, fast, stable
|_End of status
22/tcp open  ssh     syn-ack OpenSSH 7.6p1 Ubuntu 4ubuntu0.3 (Ubuntu Linux; protocol 2.0)
| ssh-hostkey: 
|   2048 dd:fd:88:94:f8:c8:d1:1b:51:e3:7d:f8:1d:dd:82:3e (RSA)
| ssh-rsa AAAAB3NzaC1yc2EAAAADAQABAAABAQDn+KLEDP81/6ceCvdFeDrLFYWSWc6UnOmmpiNeXuyr+GRvE5Eff4DOeTbiEIcHQkkPcz2QXiOLd9SMjCEgAqmZiZE/mv1HJpQfmRLOufOlf9oZ1TIZf7ehKcVqX0W3nuQeC+M2wLBse2lGhovnTSaZKLKRjQCP2yD1EzND/xFA88oFpahvr6vJfyGOTADjc83AJq9n3Gnil4Nd88xNsIKTl01Mm9ikE/3n/XFbwzYa2bYJRVr+lWWRd+EU3sYTY80PQgBiw6ZPT0QCe0lQfmcgCqu4hC+t/kyfmMRlbtjN/yZJ0gCWeVVAV+A4NNgsOqFbXUT+c6ATzYNhBXRojJED
|   256 3e:ba:38:63:2b:8d:1c:68:13:d5:05:ba:7a:ae:d9:3b (ECDSA)
| ecdsa-sha2-nistp256 AAAAE2VjZHNhLXNoYTItbmlzdHAyNTYAAAAIbmlzdHAyNTYAAABBBA3G1rdbZBOf44Cvz2YGtC5WhIHfHQhtShY8miCVHayvHM/9reA8VvLx9jBOa+iClhm/HairgvNV6pYV6Jg6MII=
|   256 c0:a6:a3:64:44:1e:cf:47:5f:85:f6:1f:78:4c:59:d8 (ED25519)
|_ssh-ed25519 AAAAC3NzaC1lZDI1NTE5AAAAIFiTPEbVpYmF2d/NDdhVYlXWA5PmTHhtrtlAaTiEuZOj
80/tcp open  http    syn-ack Apache httpd 2.4.29 ((Ubuntu))
| http-methods: 
|_  Supported Methods: POST OPTIONS HEAD GET
|_http-server-header: Apache/2.4.29 (Ubuntu)
|_http-title: Nicholas Cage Stories
Service Info: OSs: Unix, Linux; CPE: cpe:/o:linux:linux_kernel

Read data files from: /usr/bin/../share/nmap
Service detection performed. Please report any incorrect results at https://nmap.org/submit/ .
# Nmap done at Mon Mar 20 00:33:08 2023 -- 1 IP address (1 host up) scanned in 43.48 seconds
