# Nmap 7.80 scan initiated Wed Mar 22 16:25:34 2023 as: nmap -sC -sV -oN nmap_init.log -vv 10.10.41.206
Increasing send delay for 10.10.41.206 from 0 to 5 due to 96 out of 318 dropped probes since last increase.
Nmap scan report for 10.10.41.206
Host is up, received syn-ack (0.23s latency).
Scanned at 2023-03-22 16:25:35 +0630 for 42s
Not shown: 997 closed ports
Reason: 997 conn-refused
PORT     STATE    SERVICE REASON      VERSION
22/tcp   open     ssh     syn-ack     OpenSSH 7.2p2 Ubuntu 4ubuntu2.7 (Ubuntu Linux; protocol 2.0)
| ssh-hostkey: 
|   2048 61:ea:89:f1:d4:a7:dc:a5:50:f7:6d:89:c3:af:0b:03 (RSA)
| ssh-rsa AAAAB3NzaC1yc2EAAAADAQABAAABAQDFJTi0lKi0G+v4eFQU+P+CBodBOruOQC+3C/nXv0JVeR7yDWH6iRsFsevDofWcq05MZBr/CDPCnluhZzM1psx+5bp1Eiv3ecO0PF1QjhAzsPwUcmFSG1zAg+S757M+RFeRs0Jw0WMev8N6aR3uBZQSDPwBHGps+mZZZRcsssckJGQCZ4Qg/6PVFIwNGx9UoftdMFyfNMU/TDZmoatzo/FNEJOhbR38dF/xw9s/HRhugrUsLdNHyBxYShcY3B0Y2eLjnnuUWhYPmLZqgHuHr+eKnb1Ae3MB5lJTfZf3OmWaqcDVI3wpvQK7ACC9S8nxL3vYLyzxlvucEZHM9ILBI7Ov
|   256 b3:7d:72:46:1e:d3:41:b6:6a:91:15:16:c9:4a:a5:fa (ECDSA)
| ecdsa-sha2-nistp256 AAAAE2VjZHNhLXNoYTItbmlzdHAyNTYAAAAIbmlzdHAyNTYAAABBBKAU0Orx0zOb8C4AtiV+Q1z2yj1DKw5Z2TA2UTS9Ee1AYJcMtM62+f7vGCgoTNN3eFj3lTvktOt+nMYsipuCxdY=
|   256 53:67:09:dc:ff:fb:3a:3e:fb:fe:cf:d8:6d:41:27:ab (ED25519)
|_ssh-ed25519 AAAAC3NzaC1lZDI1NTE5AAAAIL6LScmHgHeP2OMerYFiDsNPqgqFbsL+GsyehB76kldy
80/tcp   open     http    syn-ack     Apache httpd 2.4.18 ((Ubuntu))
| http-cookie-flags: 
|   /: 
|     PHPSESSID: 
|_      httponly flag not set
| http-methods: 
|_  Supported Methods: GET HEAD POST OPTIONS
|_http-server-header: Apache/2.4.18 (Ubuntu)
|_http-title: Game Zone
1137/tcp filtered trim    no-response
Service Info: OS: Linux; CPE: cpe:/o:linux:linux_kernel

Read data files from: /usr/bin/../share/nmap
Service detection performed. Please report any incorrect results at https://nmap.org/submit/ .
# Nmap done at Wed Mar 22 16:26:17 2023 -- 1 IP address (1 host up) scanned in 43.31 seconds
