# Nmap 7.80 scan initiated Tue Mar  7 13:46:39 2023 as: nmap -sC -sV -p 6498,65524 -oN nmap_others.log -vv 10.10.93.166
Nmap scan report for 10.10.93.166
Host is up, received syn-ack (0.29s latency).
Scanned at 2023-03-07 13:46:40 +0630 for 22s

PORT      STATE SERVICE REASON  VERSION
6498/tcp  open  ssh     syn-ack OpenSSH 7.6p1 Ubuntu 4ubuntu0.3 (Ubuntu Linux; protocol 2.0)
| ssh-hostkey: 
|   2048 30:4a:2b:22:ac:d9:56:09:f2:da:12:20:57:f4:6c:d4 (RSA)
| ssh-rsa AAAAB3NzaC1yc2EAAAADAQABAAABAQCf5hzG6d/mEZZIeldje4ZWpwq0zAJWvFf1IzxJX1ZuOWIspHuL0X0z6qEfoTxI/o8tAFjVP/B03BT0WC3WQTm8V3Q63lGda0CBOly38hzNBk8p496scVI9WHWRaQTS4I82I8Cr+L6EjX5tMcAygRJ+QVuy2K5IqmhY3jULw/QH0fxN6Heew2EesHtJuXtf/33axQCWhxBckg1Re26UWKXdvKajYiljGCwEw25Y9qWZTGJ+2P67LVegf7FQu8ReXRrOTzHYL3PSnQJXiodPKb2ZvGAnaXYy8gm22HMspLeXF2riGSRYlGAO3KPDcDqF4hIeKwDWFbKaOwpHOX34qhJz
|   256 bf:86:c9:c7:b7:ef:8c:8b:b9:94:ae:01:88:c0:85:4d (ECDSA)
| ecdsa-sha2-nistp256 AAAAE2VjZHNhLXNoYTItbmlzdHAyNTYAAAAIbmlzdHAyNTYAAABBBN8/fLeNoGv6fwAVkd9oVJ7OIbn4117grXfoBdQ8vY2qpkuh30sTk7WjT+Kns4MNtTUQ7H/sZrJz+ALPG/YnDfE=
|   256 a1:72:ef:6c:81:29:13:ef:5a:6c:24:03:4c:fe:3d:0b (ED25519)
|_ssh-ed25519 AAAAC3NzaC1lZDI1NTE5AAAAICNgw/EuawEJkhJk4i2pP4zHfUG6XfsPHh6+kQQz3G1D
65524/tcp open  http    syn-ack Apache httpd 2.4.43 ((Ubuntu))
| http-methods: 
|_  Supported Methods: GET POST OPTIONS HEAD
| http-robots.txt: 1 disallowed entry 
|_/
|_http-server-header: Apache/2.4.43 (Ubuntu)
|_http-title: Apache2 Debian Default Page: It works
Service Info: OS: Linux; CPE: cpe:/o:linux:linux_kernel

Read data files from: /usr/bin/../share/nmap
Service detection performed. Please report any incorrect results at https://nmap.org/submit/ .
# Nmap done at Tue Mar  7 13:47:02 2023 -- 1 IP address (1 host up) scanned in 23.35 seconds
