# Nmap 7.93 scan initiated Thu Mar 30 07:48:12 2023 as: nmap -sC -sV -oN nmap_init.log -vv 10.0.2.23
Nmap scan report for 10.0.2.23
Host is up, received syn-ack (0.0017s latency).
Scanned at 2023-03-30 07:48:14 EDT for 10s
Not shown: 997 closed tcp ports (conn-refused)
PORT   STATE SERVICE REASON  VERSION
21/tcp open  ftp     syn-ack vsftpd 3.0.3
22/tcp open  ssh     syn-ack OpenSSH 8.2p1 Ubuntu 4ubuntu0.5 (Ubuntu Linux; protocol 2.0)
| ssh-hostkey: 
|   3072 15d9e0337db119eeb5b5e32c0e7ef1be (RSA)
| ssh-rsa AAAAB3NzaC1yc2EAAAADAQABAAABgQDFpFJTCkayN7k2Q/AzFN9wP6hIfpwNNcefx5DWSM6Psk3yf5QJAJJ0o3iK1x34/W+QdBR4WtqY/ro3zUrXlzO0hYtWYvZwH/IbFJxdT9en1BfJg0jN4t3DRtVzd3peCX0MyDOaJGxxmc24j1hpxLoxk9x26Z9YPxBMMAGUM3N5sLUIa2Dn2CLn0pXbyiJ1i4ukkUI5KqsFya8U/mn3GN8vBnJ2+XYLuUHc5IZfjaE6IqJO0dgJVxNly2AeJRyunzfT9LN+r93OdrO8PQYZbDZ14VcbVCIy3T6dGZZDLz0pd86kAjFJ4TKz2+wFzpDlDhXuUzF9RKSTIq7Grt7uzDUNj1W+1+wmHsDlXNtx6Tbllgrl9msjnDFCb3d4144to/liy2Ku00XwFvalwgZkTvy/h4z4wq3u4QZqPZNIndfU9p/Rc3lJ9vIX/n0ecRgvLYy5lcpuoQ3zg6d0Hhk2TFfm0Tu+uQB1+weg7kdj7rquxZDqRviRhaD+o85tXabt5WU=
|   256 171a4aa8eb4aeefdbbbdc52b33e3a98c (ECDSA)
| ecdsa-sha2-nistp256 AAAAE2VjZHNhLXNoYTItbmlzdHAyNTYAAAAIbmlzdHAyNTYAAABBBBjxtcH7glSFHQ6zy/7CC9Nejih1unjMQ+MrTfdI5QF8Oj07Qz+STZwJ6Q1+6lJ6zajV4HOnaiHRTe12kyy57Xc=
|   256 10dc8e79374a12bfd4fbb4a30dbb54e0 (ED25519)
|_ssh-ed25519 AAAAC3NzaC1lZDI1NTE5AAAAIFguAcGijiLFm/yhIcsybHT+abgqx15J0CF7Yh2bze5E
80/tcp open  http    syn-ack Apache httpd 2.4.41 ((Ubuntu))
|_http-title: Site doesn't have a title (text/html; charset=utf-8).
| http-robots.txt: 1 disallowed entry 
|_/admin/
|_http-server-header: Apache/2.4.41 (Ubuntu)
Service Info: OSs: Unix, Linux; CPE: cpe:/o:linux:linux_kernel

Read data files from: /usr/bin/../share/nmap
Service detection performed. Please report any incorrect results at https://nmap.org/submit/ .
# Nmap done at Thu Mar 30 07:48:24 2023 -- 1 IP address (1 host up) scanned in 11.97 seconds
