# Nmap 7.80 scan initiated Fri Mar 17 02:28:06 2023 as: nmap -sC -sV -oN nmap_init.log -vv 10.10.144.110
Nmap scan report for 10.10.144.110
Host is up, received syn-ack (0.26s latency).
Scanned at 2023-03-17 02:28:07 +0630 for 148s
Not shown: 997 filtered ports
Reason: 997 no-responses
PORT     STATE SERVICE        REASON  VERSION
80/tcp   open  http           syn-ack Microsoft IIS httpd 7.5
| http-methods: 
|   Supported Methods: OPTIONS TRACE GET HEAD POST
|_  Potentially risky methods: TRACE
|_http-server-header: Microsoft-IIS/7.5
|_http-title: Site doesn't have a title (text/html).
3389/tcp open  ms-wbt-server? syn-ack
8080/tcp open  http           syn-ack Jetty 9.4.z-SNAPSHOT
|_http-favicon: Unknown favicon MD5: 23E8C7BD78E8CD826C5A6073B15068B1
| http-robots.txt: 1 disallowed entry 
|_/
|_http-server-header: Jetty(9.4.z-SNAPSHOT)
|_http-title: Site doesn't have a title (text/html;charset=utf-8).
1 service unrecognized despite returning data. If you know the service/version, please submit the following fingerprint at https://nmap.org/cgi-bin/submit.cgi?new-service :
SF-Port3389-TCP:V=7.80%I=7%D=3/17%Time=641374ED%P=x86_64-pc-linux-gnu%r(Te
SF:rminalServerCookie,13,"\x03\0\0\x13\x0e\xd0\0\0\x124\0\x02\x01\x08\0\x0
SF:2\0\0\0");
Service Info: OS: Windows; CPE: cpe:/o:microsoft:windows

Read data files from: /usr/bin/../share/nmap
Service detection performed. Please report any incorrect results at https://nmap.org/submit/ .
# Nmap done at Fri Mar 17 02:30:35 2023 -- 1 IP address (1 host up) scanned in 149.42 seconds
