# Nmap 7.80 scan initiated Mon Mar 13 17:10:43 2023 as: nmap -sC -sV -oN nmap_init.log -vv 10.10.127.86
Increasing send delay for 10.10.127.86 from 0 to 5 due to 76 out of 251 dropped probes since last increase.
Nmap scan report for 10.10.127.86
Host is up, received syn-ack (0.22s latency).
Scanned at 2023-03-13 17:10:44 +0630 for 39s
Not shown: 998 closed ports
Reason: 998 conn-refused
PORT     STATE SERVICE REASON  VERSION
80/tcp   open  http    syn-ack Apache httpd 2.4.29 ((Ubuntu))
| http-methods: 
|_  Supported Methods: OPTIONS HEAD GET POST
|_http-server-header: Apache/2.4.29 (Ubuntu)
|_http-title: Apache2 Ubuntu Default Page: It works
8080/tcp open  http    syn-ack Apache httpd 2.4.29 ((Ubuntu))
| http-cookie-flags: 
|   /: 
|     PHPSESSID: 
|_      httponly flag not set
|_http-favicon: Unknown favicon MD5: 88D8F074BEB1C7F5C069317A88F0E262
| http-methods: 
|_  Supported Methods: GET HEAD POST OPTIONS
| http-open-proxy: Potentially OPEN proxy.
|_Methods supported:CONNECTION
|_http-server-header: Apache/2.4.29 (Ubuntu)
|_http-title: Simple Image Gallery System

Read data files from: /usr/bin/../share/nmap
Service detection performed. Please report any incorrect results at https://nmap.org/submit/ .
# Nmap done at Mon Mar 13 17:11:23 2023 -- 1 IP address (1 host up) scanned in 39.84 seconds
