# Nmap 7.80 scan initiated Sat Mar 11 00:03:02 2023 as: nmap -sC -sV -oN nmap_init.log -vv 10.10.140.186
Nmap scan report for 10.10.140.186
Host is up, received conn-refused (0.25s latency).
Scanned at 2023-03-11 00:03:03 +0630 for 55s
Not shown: 998 closed ports
Reason: 998 conn-refused
PORT   STATE SERVICE REASON  VERSION
22/tcp open  ssh     syn-ack OpenSSH 7.2p2 Ubuntu 4ubuntu2.8 (Ubuntu Linux; protocol 2.0)
| ssh-hostkey: 
|   2048 9d:f8:d1:57:13:24:81:b6:18:5d:04:8e:d2:38:4f:90 (RSA)
| ssh-rsa AAAAB3NzaC1yc2EAAAADAQABAAABAQDdVrdscXW6Eaq1+q+MgEBuU8ngjH5elzu6EOX2UJzNKcvAgxLrV0gCtWb4dJiJ2TyCLmA5lr0+8/TCInbcNfvXbmMEjxv0H3mi4Wjc/6wLECBXmEBvPX/SUyxPQb9YusTj70qGxgyI6SCB13TKftGeHOn2YRGLkudRF5ptIWYZqRnwlmYDWvuEBotWyUpfC1fGEnk7iH6gr3XJ8pwhY8wOojWaXEPsSZux3iBO52GuHILC14OiR/rQz9jxsq4brm6Zk/RhPCt1Ct/5ytsPzmUi7Nvwz6UoR6AeSRSHxOCnNBRQc2+5tFY7JMBBtvOFtbASOleILHkmTJBuRK3jth5D
|   256 e1:e6:7a:a1:a1:1c:be:03:d2:4e:27:1b:0d:0a:ec:b1 (ECDSA)
| ecdsa-sha2-nistp256 AAAAE2VjZHNhLXNoYTItbmlzdHAyNTYAAAAIbmlzdHAyNTYAAABBBD2fQ/bb8Gwa5L5++T3T5JC7ZvciybYTlcWE9Djbzuco0f86gp3GOzTeVaDuhOWkR6J3fwxxwDWPk6k7NacceG0=
|   256 2a:ba:e5:c5:fb:51:38:17:45:e7:b1:54:ca:a1:a3:fc (ED25519)
|_ssh-ed25519 AAAAC3NzaC1lZDI1NTE5AAAAIJk7PJIcjNmxjQK6/M1zKyptfTrUS2l0ZsELrO3prOA0
80/tcp open  http    syn-ack Apache httpd 2.4.18 ((Ubuntu))
| http-methods: 
|_  Supported Methods: GET HEAD POST OPTIONS
|_http-server-header: Apache/2.4.18 (Ubuntu)
|_http-title: Site doesn't have a title (text/html).
Service Info: OS: Linux; CPE: cpe:/o:linux:linux_kernel

Read data files from: /usr/bin/../share/nmap
Service detection performed. Please report any incorrect results at https://nmap.org/submit/ .
# Nmap done at Sat Mar 11 00:03:58 2023 -- 1 IP address (1 host up) scanned in 56.22 seconds
