# Nmap 7.80 scan initiated Fri Mar 10 17:54:00 2023 as: nmap -sC -sV -oN nmap_init.log -vv 10.10.227.27
Nmap scan report for 10.10.227.27
Host is up, received syn-ack (0.25s latency).
Scanned at 2023-03-10 17:54:01 +0630 for 48s
Not shown: 998 closed ports
Reason: 998 conn-refused
PORT   STATE SERVICE REASON  VERSION
22/tcp open  ssh     syn-ack OpenSSH 7.6p1 Ubuntu 4ubuntu0.3 (Ubuntu Linux; protocol 2.0)
| ssh-hostkey: 
|   2048 65:1b:fc:74:10:39:df:dd:d0:2d:f0:53:1c:eb:6d:ec (RSA)
| ssh-rsa AAAAB3NzaC1yc2EAAAADAQABAAABAQC1FkWVdXpiZN4JOheh/PVSTjXUgnhMNTFvHNzlip8x6vsFTwIwtP0+5xlYGjtLorEAS0KpJLtpzFO4p4PvEzMC40SY8E+i4LaiXHcMsJrbhIozUjZssBnbfgYPiwCzMICKygDSfG83zCC/ZiXeJKWfVEvpCVX1g5Al16mzQQnB3qPyz8TmSQ+Kgy7GRc+nnPvPbAdh8meVGcSl9bzGuXoFFEAH5RS8D92JpWDRuTVqCXGxZ4t4WgboFPncvau07A3Kl8BoeE8kDa3DUbPYyn3gwJd55khaJSxkKKlAB/f98zXfQnU0RQbiAlC88jD2TmK8ovd2IGmtqbuenHcNT01D
|   256 c4:28:04:a5:c3:b9:6a:95:5a:4d:7a:6e:46:e2:14:db (ECDSA)
| ecdsa-sha2-nistp256 AAAAE2VjZHNhLXNoYTItbmlzdHAyNTYAAAAIbmlzdHAyNTYAAABBBI3zR5EsH+zXjBa4GNOE8Vlf04UROD9GrpAgx0mRcrDQvUdmaF0hYse2KixpRS8Pu1qhWKVRP7nz0LX5nbzb4i4=
|   256 ba:07:bb:cd:42:4a:f2:93:d1:05:d0:b3:4c:b1:d9:b1 (ED25519)
|_ssh-ed25519 AAAAC3NzaC1lZDI1NTE5AAAAIBKsS7+8A3OfoY8qtnKrVrjFss8LQhVeMqXeDnESa6Do
80/tcp open  http    syn-ack Apache httpd 2.4.29 ((Ubuntu))
| http-methods: 
|_  Supported Methods: GET HEAD POST OPTIONS
|_http-server-header: Apache/2.4.29 (Ubuntu)
|_http-title: Site doesn't have a title (text/html; charset=UTF-8).
Service Info: OS: Linux; CPE: cpe:/o:linux:linux_kernel

Read data files from: /usr/bin/../share/nmap
Service detection performed. Please report any incorrect results at https://nmap.org/submit/ .
# Nmap done at Fri Mar 10 17:54:49 2023 -- 1 IP address (1 host up) scanned in 49.07 seconds
