- Nikto v2.1.6
---------------------------------------------------------------------------
+ Target IP:          10.10.122.153
+ Target Hostname:    10.10.122.153
+ Target Port:        80
+ Start Time:         2023-02-27 21:11:32 (GMT6.5)
---------------------------------------------------------------------------
+ Server: Apache/2.4.18 (Ubuntu)
+ The anti-clickjacking X-Frame-Options header is not present.
+ The X-Content-Type-Options header is not set. This could allow the user agent to render the content of the site in a different fashion to the MIME type.
+ No CGI Directories found (use '-C all' to force check all possible dirs)
line: /src/
line: /lib/
line: /themes/
+ "robots.txt" contains 3 entries which should be manually viewed.
+ Apache/2.4.18 appears to be outdated (current is at least Apache/2.4.54). Apache 2.2.34 is the EOL for the 2.x branch.
+ Web Server returns a valid response with junk HTTP methods, this may cause false positives.
+ Cookie PHPSESSID created without the httponly flag
+ /admin/config.php: PHP Config file may contain database IDs and passwords.
+ /admin/cplogfile.log: DevBB 1.0 final (http://www.mybboard.com) log file is readable remotely. Upgrade to the latest version.
+ /admin/system_footer.php: myphpnuke version 1.8.8_final_7 reveals detailed system information.
+ OSVDB-3233: /admin/admin_phpinfo.php4: Mon Album from http://www.3dsrc.com version 0.6.2d allows remote admin access. This should be protected.
+ OSVDB-5034: /admin/login.php?action=insert&username=test&password=test: phpAuction may allow user admin accounts to be inserted without proper authentication. Attempt to log in with user 'test' password 'test' to verify.
+ OSVDB-376: /admin/contextAdmin/contextAdmin.html: Tomcat may be configured to let attackers read arbitrary files. Restrict access to /admin.
+ OSVDB-4804: //admin/admin.shtml: Axis network camera may allow admin bypass by using double-slashes before URLs.
+ OSVDB-2813: /admin/database/wwForum.mdb: Web Wiz Forums pre 7.5 is vulnerable to Cross-Site Scripting attacks. Default login/pass is Administrator/letmein
+ OSVDB-2922: /admin/wg_user-info.ml: WebGate Web Eye exposes user names and passwords.
+ OSVDB-3092: /admin/: This might be interesting.
+ OSVDB-3092: /login/: This might be interesting.
+ OSVDB-3093: /admin/auth.php: This might be interesting:  has been seen in web logs from an unknown scanner.
+ OSVDB-3093: /admin/cfg/configscreen.inc.php+: This might be interesting:  has been seen in web logs from an unknown scanner.
+ OSVDB-3093: /admin/cfg/configsite.inc.php+: This might be interesting:  has been seen in web logs from an unknown scanner.
+ OSVDB-3093: /admin/cfg/configsql.inc.php+: This might be interesting:  has been seen in web logs from an unknown scanner.
+ OSVDB-3093: /admin/cfg/configtache.inc.php+: This might be interesting:  has been seen in web logs from an unknown scanner.
+ OSVDB-3093: /admin/cms/htmltags.php: This might be interesting:  has been seen in web logs from an unknown scanner.
+ OSVDB-3093: /admin/credit_card_info.php: This might be interesting:  has been seen in web logs from an unknown scanner.
+ OSVDB-3093: /admin/exec.php3: This might be interesting:  has been seen in web logs from an unknown scanner.
+ OSVDB-3093: /admin/index.php: This might be interesting:  has been seen in web logs from an unknown scanner.
+ OSVDB-3093: /admin/modules/cache.php+: This might be interesting:  has been seen in web logs from an unknown scanner.
+ OSVDB-3093: /admin/objects.inc.php4: This might be interesting:  has been seen in web logs from an unknown scanner.
+ OSVDB-3093: /admin/script.php: This might be interesting:  has been seen in web logs from an unknown scanner.
+ OSVDB-3093: /admin/settings.inc.php+: This might be interesting:  has been seen in web logs from an unknown scanner.
+ OSVDB-3093: /admin/templates/header.php: This might be interesting:  has been seen in web logs from an unknown scanner.
+ OSVDB-3093: /admin/upload.php: This might be interesting:  has been seen in web logs from an unknown scanner.
