# Nmap 7.93 scan initiated Thu Mar 30 13:29:41 2023 as: nmap -sC -sV -oN nmap_init.log -v 10.0.2.77
Nmap scan report for 10.0.2.77
Host is up (0.00086s latency).
Not shown: 997 closed tcp ports (conn-refused)
PORT    STATE SERVICE       VERSION
135/tcp open  msrpc         Microsoft Windows RPC
139/tcp open  netbios-ssn   Microsoft Windows netbios-ssn
445/tcp open  microsoft-ds?
Service Info: OS: Windows; CPE: cpe:/o:microsoft:windows

Host script results:
| smb2-security-mode: 
|   311: 
|_    Message signing enabled but not required
| nbstat: NetBIOS name: CREATIGON-JUNIO, NetBIOS user: <unknown>, NetBIOS MAC: 080027272fab (Oracle VirtualBox virtual NIC)
| Names:
|   CREATIGON-JUNIO<00>  Flags: <unique><active>
|   WORKGROUP<00>        Flags: <group><active>
|_  CREATIGON-JUNIO<20>  Flags: <unique><active>
| smb2-time: 
|   date: 2023-03-30T17:29:51
|_  start_date: N/A

Read data files from: /usr/bin/../share/nmap
Service detection performed. Please report any incorrect results at https://nmap.org/submit/ .
# Nmap done at Thu Mar 30 13:29:56 2023 -- 1 IP address (1 host up) scanned in 15.13 seconds
