# Nmap 7.93 scan initiated Thu Mar 30 13:39:49 2023 as: nmap -p 2221,5040,49664,49665,49667,49669,49672,49674,49666 -A -oN nmap_other.log -v 10.0.2.77
Nmap scan report for 10.0.2.77
Host is up (0.0023s latency).

PORT      STATE SERVICE VERSION
2221/tcp  open  ftp     Microsoft ftpd
| ftp-syst: 
|_  SYST: Windows_NT
| ftp-anon: Anonymous FTP login allowed (FTP code 230)
| 06-01-22  11:25PM       <DIR>          inetpub
| 12-07-19  04:14AM       <DIR>          PerfLogs
| 06-01-22  11:25PM       <DIR>          Program Files
| 06-01-22  11:25PM       <DIR>          Program Files (x86)
| 05-30-22  01:48AM       <DIR>          Users
|_06-01-22  11:25PM       <DIR>          Windows
5040/tcp  open  unknown
49664/tcp open  msrpc   Microsoft Windows RPC
49665/tcp open  msrpc   Microsoft Windows RPC
49666/tcp open  msrpc   Microsoft Windows RPC
49667/tcp open  msrpc   Microsoft Windows RPC
49669/tcp open  msrpc   Microsoft Windows RPC
49672/tcp open  msrpc   Microsoft Windows RPC
49674/tcp open  msrpc   Microsoft Windows RPC
Service Info: OS: Windows; CPE: cpe:/o:microsoft:windows

Read data files from: /usr/bin/../share/nmap
Service detection performed. Please report any incorrect results at https://nmap.org/submit/ .
# Nmap done at Thu Mar 30 13:42:43 2023 -- 1 IP address (1 host up) scanned in 173.90 seconds
