commit d0b3578a628889f38c0affb1b75457146a4678e5
Author: Adam Bertrand <hydragyrum@gmail.com>
Date:   Thu Jul 23 22:22:16 2020 +0000

    Update .gitlab-ci.yml

commit 77aab78e2624ec9400f9ed3f43a6f0c942eeb82d
Author: Hydragyrum <hydragyrum@gmail.com>
Date:   Fri Jul 24 00:21:25 2020 +0200

    add gitlab-ci config to build docker file.

commit 2eb93ac3534155069a8ef59cb25b9c1971d5d199
Author: Hydragyrum <hydragyrum@gmail.com>
Date:   Fri Jul 24 00:08:38 2020 +0200

    setup dockerfile and setup defaults.

commit d6df4000639981d032f628af2b4d03b8eff31213
Author: Hydragyrum <hydragyrum@gmail.com>
Date:   Thu Jul 23 23:42:30 2020 +0200

    Make sure the css is standard-ish!

commit d954a99b96ff11c37a558a5d93ce52d0f3702a7d
Author: Hydragyrum <hydragyrum@gmail.com>
Date:   Thu Jul 23 23:41:12 2020 +0200

    re-obfuscating the code to be really secure!

commit bc8054d9d95854d278359a432b6d97c27e24061d
Author: Hydragyrum <hydragyrum@gmail.com>
Date:   Thu Jul 23 23:37:32 2020 +0200

    Security says obfuscation isn't enough.
    
    They want me to use something called 'SHA-512'

commit e56eaa8e29b589976f33d76bc58a0c4dfb9315b1
Author: Hydragyrum <hydragyrum@gmail.com>
Date:   Thu Jul 23 23:25:52 2020 +0200

    Obfuscated the source code.
    
    Hopefully security will be happy!

commit 395e087334d613d5e423cdf8f7be27196a360459
Author: Hydragyrum <hydragyrum@gmail.com>
Date:   Thu Jul 23 23:17:43 2020 +0200

    Made the login page, boss!

commit 2f423697bf81fe5956684f66fb6fc6596a1903cc
Author: Adam Bertrand <hydragyrum@gmail.com>
Date:   Mon Jul 20 20:46:28 2020 +0000

    Initial commit
