- Nikto v2.1.6
---------------------------------------------------------------------------
+ Target IP:          10.10.195.101
+ Target Hostname:    10.10.195.101
+ Target Port:        80
+ Start Time:         2023-03-11 01:44:21 (GMT6.5)
---------------------------------------------------------------------------
+ Server: Apache/2.4.18 (Ubuntu)
+ The anti-clickjacking X-Frame-Options header is not present.
+ The X-Content-Type-Options header is not set. This could allow the user agent to render the content of the site in a different fashion to the MIME type.
+ No CGI Directories found (use '-C all' to force check all possible dirs)
+ Server may leak inodes via ETags, header found with file /, inode: 2c39, size: 5c367f4428b1f, mtime: gzip
+ Apache/2.4.18 appears to be outdated (current is at least Apache/2.4.54). Apache 2.2.34 is the EOL for the 2.x branch.
+ Allowed HTTP Methods: GET, HEAD, POST, OPTIONS 
+ /phpinfo.php: Output from the phpinfo() function was found.
+ OSVDB-3092: /test/: This might be interesting.
+ OSVDB-3233: /phpinfo.php: PHP is installed, and a test script which runs phpinfo() was found. This gives a lot of system information.
+ OSVDB-3233: /icons/README: Apache default file found.
+ /wordpress/wp-content/plugins/akismet/readme.txt: The WordPress Akismet plugin 'Tested up to' version usually matches the WordPress version
+ /wordpress/wp-links-opml.php: This WordPress script reveals the installed version.
+ Uncommon header 'x-redirect-by' found, with contents: WordPress
+ /wordpress/: A Wordpress installation was found.
+ Cookie wordpress_test_cookie created without the httponly flag
+ OSVDB-3268: /wordpress/wp-content/uploads/: Directory indexing found.
+ /wordpress/wp-content/uploads/: Wordpress uploads directory is browsable. This may reveal sensitive information
+ /wordpress/wp-login.php: Wordpress login found
+ 8079 requests: 0 error(s) and 17 item(s) reported on remote host
+ End Time:           2023-03-11 02:24:55 (GMT6.5) (2434 seconds)
---------------------------------------------------------------------------
+ 1 host(s) tested
