# Nmap 7.80 scan initiated Sat Mar 11 01:32:57 2023 as: nmap -sC -sV -oN nmap_init.log -vv 10.10.195.101
Increasing send delay for 10.10.195.101 from 0 to 5 due to 54 out of 178 dropped probes since last increase.
Nmap scan report for 10.10.195.101
Host is up, received syn-ack (0.29s latency).
Scanned at 2023-03-11 01:32:58 +0630 for 83s
Not shown: 996 closed ports
Reason: 996 conn-refused
PORT    STATE SERVICE     REASON  VERSION
22/tcp  open  ssh         syn-ack OpenSSH 7.2p2 Ubuntu 4ubuntu2.10 (Ubuntu Linux; protocol 2.0)
| ssh-hostkey: 
|   2048 10:8a:f5:72:d7:f9:7e:14:a5:c5:4f:9e:97:8b:3d:58 (RSA)
| ssh-rsa AAAAB3NzaC1yc2EAAAADAQABAAABAQCtST3F95eem6k4V02TcUi7/Qtn3WvJGNfqpbE+7EVuN2etoFpihgP5LFK2i/EDbeIAiEPALjtKy3gFMEJ5QDCkglBYt3gUbYv29TQBdx+LZQ8Kjry7W+KCKXhkKJEVnkT5cN6lYZIGAkIAVXacZ/YxWjj+ruSAx07fnNLMkqsMR9VA+8w0L2BsXhzYAwCdWrfRf8CE1UEdJy6WIxRsxIYOk25o9R44KXOWT2F8pP2tFbNcvUMlUY6jGHmXgrIEwDiBHuwd3uG5cVVmxJCCSY6Ygr9Aa12nXmUE5QJE9lisYIPUn9IjbRFb2d2hZE2jQHq3WCGdAls2Bwnn7Rgc7J09
|   256 7f:10:f5:57:41:3c:71:db:b5:5b:db:75:c9:76:30:5c (ECDSA)
| ecdsa-sha2-nistp256 AAAAE2VjZHNhLXNoYTItbmlzdHAyNTYAAAAIbmlzdHAyNTYAAABBBClT+wif/EERxNcaeTiny8IrQ5Qn6uEM7QxRlouee7KWHrHXomCB/Bq4gJ95Lx5sRPQJhGOZMLZyQaKPTIaILNQ=
|   256 6b:4c:23:50:6f:36:00:7c:a6:7c:11:73:c1:a8:60:0c (ED25519)
|_ssh-ed25519 AAAAC3NzaC1lZDI1NTE5AAAAIDolvqv0mvkrpBMhzpvuXHjJlRv/vpYhMabXxhkBxOwz
80/tcp  open  http        syn-ack Apache httpd 2.4.18 ((Ubuntu))
| http-methods: 
|_  Supported Methods: GET HEAD POST OPTIONS
|_http-server-header: Apache/2.4.18 (Ubuntu)
|_http-title: Apache2 Ubuntu Default Page: It works
139/tcp open  netbios-ssn syn-ack Samba smbd 3.X - 4.X (workgroup: WORKGROUP)
445/tcp open  netbios-ssn syn-ack Samba smbd 3.X - 4.X (workgroup: WORKGROUP)
Service Info: Host: TECHSUPPORT; OS: Linux; CPE: cpe:/o:linux:linux_kernel

Host script results:
|_clock-skew: mean: 0s, deviation: 0s, median: 0s
|_ms-sql-info: ERROR: Script execution failed (use -d to debug)
| p2p-conficker: 
|   Checking for Conficker.C or higher...
|   Check 1 (port 18140/tcp): CLEAN (Couldn't connect)
|   Check 2 (port 61086/tcp): CLEAN (Couldn't connect)
|   Check 3 (port 30667/udp): CLEAN (Timeout)
|   Check 4 (port 64231/udp): CLEAN (Failed to receive data)
|_  0/4 checks are positive: Host is CLEAN or ports are blocked
|_smb-os-discovery: ERROR: Script execution failed (use -d to debug)
| smb-security-mode: 
|   account_used: guest
|   authentication_level: user
|   challenge_response: supported
|_  message_signing: disabled (dangerous, but default)
| smb2-security-mode: 
|   2.02: 
|_    Message signing enabled but not required
| smb2-time: 
|   date: 2023-03-10T19:04:13
|_  start_date: N/A

Read data files from: /usr/bin/../share/nmap
Service detection performed. Please report any incorrect results at https://nmap.org/submit/ .
# Nmap done at Sat Mar 11 01:34:21 2023 -- 1 IP address (1 host up) scanned in 83.85 seconds
