# Nmap 7.80 scan initiated Sat Mar 25 22:19:49 2023 as: nmap -sC -sV -oN nmap_init.log -vvv 10.10.78.163
Nmap scan report for 10.10.78.163
Host is up, received syn-ack (0.26s latency).
Scanned at 2023-03-25 22:19:50 +0630 for 43s
Not shown: 997 filtered ports
Reason: 997 no-responses
PORT      STATE SERVICE REASON  VERSION
22/tcp    open  ssh     syn-ack OpenSSH 7.6p1 Ubuntu 4ubuntu0.3 (Ubuntu Linux; protocol 2.0)
| ssh-hostkey: 
|   2048 c8:3c:c5:62:65:eb:7f:5d:92:24:e9:3b:11:b5:23:b9 (RSA)
| ssh-rsa AAAAB3NzaC1yc2EAAAADAQABAAABAQDLj5F//uf40JILlSfWp95GsOiuwSGSKLgbFmUQOACKAdzVcGOteVr3lFn7vBsp6xWM5iss8APYi9WqKpPQxQLr2jNBybW6qrNfpUMVH2lLcUHkiHkFBpEoTP9m/6P9bUDCe39aEhllZOCUgEtmLpdKl7OA3tVjhthrNHNPW+LVfkwlBgxGqnRWxlY6XtlsYEKfS1B+wODrcVwUxOHthDps/JMDUvkQUfgf/jpy99+twbOI1OZbCYGJFtV6dZoRqsp1Y4BpM3VjSrrvV0IzYThRdssrSUgOnYrVOZl8MrjMFAxOaFbTF2bYGAS/T68/JxVxktbpGN/1iOrq3LRhxbF1
|   256 06:b7:99:94:0b:09:14:39:e1:7f:bf:c7:5f:99:d3:9f (ECDSA)
|_ecdsa-sha2-nistp256 AAAAE2VjZHNhLXNoYTItbmlzdHAyNTYAAAAIbmlzdHAyNTYAAABBBHyTgq5FoUG3grC5KNPAuPWDfDbnaq1XPRc8j5/VkmZVpcGuZaAjJibb9RVHDlbiAfVxO2KYoOUHrpIRzKhjHEE=
80/tcp    open  http    syn-ack nginx 1.19.2
| http-methods: 
|_  Supported Methods: GET HEAD POST
| http-robots.txt: 1 disallowed entry 
|_/admin
|_http-server-header: nginx/1.19.2
|_http-title: The Marketplace
32768/tcp open  http    syn-ack Node.js (Express middleware)
| http-methods: 
|_  Supported Methods: GET HEAD POST OPTIONS
| http-robots.txt: 1 disallowed entry 
|_/admin
|_http-title: The Marketplace
Service Info: OS: Linux; CPE: cpe:/o:linux:linux_kernel

Read data files from: /usr/bin/../share/nmap
Service detection performed. Please report any incorrect results at https://nmap.org/submit/ .
# Nmap done at Sat Mar 25 22:20:33 2023 -- 1 IP address (1 host up) scanned in 43.95 seconds
