# Nmap 7.93 scan initiated Thu Mar 30 12:28:08 2023 as: nmap -sC -sV -oN nmap_init.log -vv 10.0.2.24
Nmap scan report for 10.0.2.24
Host is up, received conn-refused (0.0014s latency).
Scanned at 2023-03-30 12:28:10 EDT for 14s
Not shown: 994 closed tcp ports (conn-refused)
PORT     STATE SERVICE     REASON  VERSION
22/tcp   open  ssh         syn-ack OpenSSH 8.9p1 Ubuntu 3 (Ubuntu Linux; protocol 2.0)
| ssh-hostkey: 
|   256 741ca838ab4cd41248554fdbb5aa6e3a (ECDSA)
| ecdsa-sha2-nistp256 AAAAE2VjZHNhLXNoYTItbmlzdHAyNTYAAAAIbmlzdHAyNTYAAABBBFJTunH00xpIbuo4iFGH5CNKlOauZFNGocVCfox6et6pAA5ZDn7MSAc4GMDOycjcUKI/g7M29n5K4+e6sjewFXk=
|   256 75cea1997df431bbe89dca4d08c7c21f (ED25519)
|_ssh-ed25519 AAAAC3NzaC1lZDI1NTE5AAAAIB+W5R+6FoWmFXe6Y0N2RCUjDfWVdWsbDlIdYZkHce+M
111/tcp  open  rpcbind     syn-ack 2-4 (RPC #100000)
| rpcinfo: 
|   program version    port/proto  service
|   100000  2,3,4        111/tcp   rpcbind
|   100000  2,3,4        111/udp   rpcbind
|   100000  3,4          111/tcp6  rpcbind
|   100000  3,4          111/udp6  rpcbind
|   100003  3,4         2049/tcp   nfs
|   100003  3,4         2049/tcp6  nfs
|   100005  1,2,3      46857/tcp6  mountd
|   100005  1,2,3      55691/tcp   mountd
|   100005  1,2,3      57285/udp   mountd
|   100005  1,2,3      60502/udp6  mountd
|   100021  1,3,4      35067/tcp   nlockmgr
|   100021  1,3,4      44651/udp6  nlockmgr
|   100021  1,3,4      46647/tcp6  nlockmgr
|   100021  1,3,4      53089/udp   nlockmgr
|   100024  1          33030/udp   status
|   100024  1          35097/tcp6  status
|   100024  1          45682/udp6  status
|   100024  1          58739/tcp   status
|   100227  3           2049/tcp   nfs_acl
|_  100227  3           2049/tcp6  nfs_acl
139/tcp  open  netbios-ssn syn-ack Samba smbd 4.6.2
445/tcp  open  netbios-ssn syn-ack Samba smbd 4.6.2
2049/tcp open  nfs_acl     syn-ack 3 (RPC #100227)
8081/tcp open  http        syn-ack Apache httpd 2.4.52 ((Ubuntu))
|_http-server-header: Apache/2.4.52 (Ubuntu)
| http-methods: 
|_  Supported Methods: GET HEAD POST OPTIONS
| http-robots.txt: 6 disallowed entries 
| /config.php /administration/ /includes/ /locale/ 
|_/themes/ /print.php
| http-title: Home - PHP-Fusion Powered Website
|_Requested resource was home.php
Service Info: OS: Linux; CPE: cpe:/o:linux:linux_kernel

Host script results:
|_clock-skew: 0s
| smb2-time: 
|   date: 2023-03-30T16:28:22
|_  start_date: N/A
| p2p-conficker: 
|   Checking for Conficker.C or higher...
|   Check 1 (port 40965/tcp): CLEAN (Couldn't connect)
|   Check 2 (port 14111/tcp): CLEAN (Couldn't connect)
|   Check 3 (port 21161/udp): CLEAN (Failed to receive data)
|   Check 4 (port 16329/udp): CLEAN (Failed to receive data)
|_  0/4 checks are positive: Host is CLEAN or ports are blocked
| nbstat: NetBIOS name: JUNIOREXAM3, NetBIOS user: <unknown>, NetBIOS MAC: 000000000000 (Xerox)
| Names:
|   JUNIOREXAM3<00>      Flags: <unique><active>
|   JUNIOREXAM3<03>      Flags: <unique><active>
|   JUNIOREXAM3<20>      Flags: <unique><active>
|   \x01\x02__MSBROWSE__\x02<01>  Flags: <group><active>
|   WORKGROUP<00>        Flags: <group><active>
|   WORKGROUP<1d>        Flags: <unique><active>
|   WORKGROUP<1e>        Flags: <group><active>
| Statistics:
|   0000000000000000000000000000000000
|   0000000000000000000000000000000000
|_  0000000000000000000000000000
| smb2-security-mode: 
|   311: 
|_    Message signing enabled but not required

Read data files from: /usr/bin/../share/nmap
Service detection performed. Please report any incorrect results at https://nmap.org/submit/ .
# Nmap done at Thu Mar 30 12:28:24 2023 -- 1 IP address (1 host up) scanned in 15.87 seconds
